[debug] [2023-09-16T04:52:22.811Z] ----------------------------------------------------------------------
[debug] [2023-09-16T04:52:22.815Z] Command:       C:\Program Files\nodejs\node.exe C:\Users\HP\AppData\Roaming\npm\node_modules\firebase-tools\lib\bin\firebase.js init
[debug] [2023-09-16T04:52:22.815Z] CLI Version:   12.5.4
[debug] [2023-09-16T04:52:22.816Z] Platform:      win32
[debug] [2023-09-16T04:52:22.816Z] Node Version:  v18.17.1
[debug] [2023-09-16T04:52:22.818Z] Time:          Sat Sep 16 2023 10:22:22 GMT+0530 (India Standard Time)
[debug] [2023-09-16T04:52:22.818Z] ----------------------------------------------------------------------
[debug] 
[debug] [2023-09-16T04:52:22.953Z] > command requires scopes: ["email","openid","https://www.googleapis.com/auth/cloudplatformprojects.readonly","https://www.googleapis.com/auth/firebase","https://www.googleapis.com/auth/cloud-platform"]
[debug] [2023-09-16T04:52:22.954Z] > authorizing via signed-in user (www.mahaboobfathina142004@gmail.com)
[info] 
     ######## #### ########  ######## ########     ###     ######  ########
     ##        ##  ##     ## ##       ##     ##  ##   ##  ##       ##
     ######    ##  ########  ######   ########  #########  ######  ######
     ##        ##  ##    ##  ##       ##     ## ##     ##       ## ##
     ##       #### ##     ## ######## ########  ##     ##  ######  ########

You're about to initialize a Firebase project in this directory:

  C:\Users\HP

Before we get started, keep in mind:

  * You are initializing within an existing Firebase project directory

[info] 
=== Project Setup
[info] 
[info] First, let's associate this project directory with a Firebase project.
[info] You can create multiple project aliases by running firebase use --add, 
[info] but for now we'll just set up a default project.
[info] 
[debug] [2023-09-16T04:52:35.378Z] Using project from CLI flag: equil-571af
[debug] [2023-09-16T04:52:35.382Z] >>> [apiv2][query] GET https://firebase.googleapis.com/v1beta1/projects/equil-571af [none]
[debug] [2023-09-16T04:52:35.995Z] <<< [apiv2][status] GET https://firebase.googleapis.com/v1beta1/projects/equil-571af 200
[debug] [2023-09-16T04:52:35.996Z] <<< [apiv2][body] GET https://firebase.googleapis.com/v1beta1/projects/equil-571af {"projectId":"equil-571af","projectNumber":"977771501391","displayName":"equil","name":"projects/equil-571af","resources":{"hostingSite":"equil-571af"},"state":"ACTIVE","etag":"1_4cfdd827-bd07-4033-822e-05bb786339a3"}
[info] i  Using project equil-571af (equil) 
[info] 
=== Hosting Setup
[info] 
[info] Your public directory is the folder (relative to your project directory) that
[info] will contain Hosting assets to be uploaded with firebase deploy. If you
[info] have a build process for your assets, use your build's output directory.
[info] 
